2025-03-31T11:42:46.212Z [ERROR]: Code: P2003 - 
Invalid `this.getModel().create()` invocation in
C:\sai\code practice\NodeJS\node-prisma\prisma-node\src\Repositories\baserepostiory.ts:45:40

  42 }
  43 
  44 async create(data: Partial<T>): Promise<T> {
→ 45   let result = await this.getModel().create(
Foreign key constraint violated: `Post_userId_fkey (index)`
2025-03-31T11:55:59.128Z [ERROR]: Code: P2003 - 
Invalid `this.getModel().create()` invocation in
C:\sai\code practice\NodeJS\node-prisma\prisma-node\src\Repositories\baserepostiory.ts:45:40

  42 }
  43 
  44 async create(data: Partial<T>): Promise<T> {
→ 45   let result = await this.getModel().create(
Foreign key constraint violated: `Post_userId_fkey (index)`
2025-03-31T11:58:11.842Z [ERROR]: Code: P2003 - 
Invalid `this.getModel().create()` invocation in
C:\sai\code practice\NodeJS\node-prisma\prisma-node\src\Repositories\baserepostiory.ts:45:40

  42 }
  43 
  44 async create(data: Partial<T>): Promise<T> {
→ 45   let result = await this.getModel().create(
Foreign key constraint violated: `Post_userId_fkey (index)`
2025-03-31T12:00:05.429Z [ERROR]: Request Not Found
2025-03-31T12:06:53.016Z [ERROR]: post not found
2025-06-14T10:11:01.400Z [ERROR]: Required
2025-06-14T12:15:10.920Z [ERROR]: Code: P2003 - 
Invalid `this.getModel().create()` invocation in
C:\sai\code practice\NodeJS\node-prisma\prisma-node\src\repositories\baserepostiory.ts:45:40

  42 }
  43 
  44 async create(data: Partial<T>): Promise<T> {
→ 45   let result = await this.getModel().create(
Foreign key constraint violated on the constraint: `Post_userId_fkey`
2025-06-14T12:16:45.046Z [ERROR]: Foreign key constraint violation: 
Invalid `this.getModel().create()` invocation in
C:\sai\code practice\NodeJS\node-prisma\prisma-node\src\repositories\baserepostiory.ts:45:40

  42 }
  43 
  44 async create(data: Partial<T>): Promise<T> {
→ 45   let result = await this.getModel().create(
Foreign key constraint violated on the constraint: `Post_userId_fkey`
2025-06-14T12:17:27.847Z [ERROR]: Code: P2003 - 
Invalid `this.getModel().create()` invocation in
C:\sai\code practice\NodeJS\node-prisma\prisma-node\src\repositories\baserepostiory.ts:45:40

  42 }
  43 
  44 async create(data: Partial<T>): Promise<T> {
→ 45   let result = await this.getModel().create(
Foreign key constraint violated on the constraint: `Post_userId_fkey`
2025-06-14T12:17:47.560Z [ERROR]: Code: P2003 - 
Invalid `this.getModel().create()` invocation in
C:\sai\code practice\NodeJS\node-prisma\prisma-node\src\repositories\baserepostiory.ts:45:40

  42 }
  43 
  44 async create(data: Partial<T>): Promise<T> {
→ 45   let result = await this.getModel().create(
Foreign key constraint violated on the constraint: `Post_userId_fkey`
2025-06-14T12:18:25.830Z [ERROR]: Expected string, received number
2025-06-14T12:19:46.504Z [ERROR]: Expected string, received number for /
2025-06-14T12:20:20.642Z [ERROR]: Expected string, received number for title
2025-06-14T12:23:16.739Z [ERROR]: Expected string, received number for title
